/*C1*/SET SCHEMA SYSTEM_LOBS
INSERT INTO BLOCKS VALUES(0,2147483647,0)
COMMIT
/*C2*/SET SCHEMA PUBLIC
CREATE TABLE IF NOT EXISTS PUBLIC.SERVERLOGS (\u000d\u000a  event_id  varchar(30) primary key,\u000d\u000a  event_duration DOUBLE,\u000d\u000a  type varchar(30),\u000d\u000a  host varchar(30),\u000d\u000a  alert varchar(6)\u000d\u000a  )
INSERT INTO SERVERLOGS VALUES('ccsmbstgr311',8.0E0,NULL,NULL,'true')
COMMIT
INSERT INTO SERVERLOGS VALUES('ccsmbstgr50',8.0E0,NULL,NULL,'true')
COMMIT
INSERT INTO SERVERLOGS VALUES('ccsmbstgr182',8.0E0,NULL,NULL,'true')
COMMIT
INSERT INTO SERVERLOGS VALUES('ccsmbstgr421',8.0E0,NULL,NULL,'true')
COMMIT
INSERT INTO SERVERLOGS VALUES('ccsmbstgr600',8.0E0,NULL,NULL,'true')
COMMIT
INSERT INTO SERVERLOGS VALUES('ccsmbstgr193',8.0E0,NULL,NULL,'true')
COMMIT
INSERT INTO SERVERLOGS VALUES('ccsmbstgr27',8.0E0,NULL,NULL,'true')
COMMIT
INSERT INTO SERVERLOGS VALUES('ccsmbstgr70',8.0E0,NULL,NULL,'true')
COMMIT
INSERT INTO SERVERLOGS VALUES('ccsmbstgr432',8.0E0,NULL,NULL,'true')
COMMIT
INSERT INTO SERVERLOGS VALUES('ccsmbstgr192',8.0E0,NULL,NULL,'true')
COMMIT
INSERT INTO SERVERLOGS VALUES('ccsmbstgr380',8.0E0,NULL,NULL,'true')
COMMIT
INSERT INTO SERVERLOGS VALUES('ccsmbstgr59',8.0E0,NULL,NULL,'true')
COMMIT
INSERT INTO SERVERLOGS VALUES('ccsmbstgr181',8.0E0,NULL,NULL,'true')
COMMIT
INSERT INTO SERVERLOGS VALUES('ccsmbstgr542',8.0E0,NULL,NULL,'true')
COMMIT
INSERT INTO SERVERLOGS VALUES('ccsmbstgr52',8.0E0,NULL,NULL,'true')
COMMIT
INSERT INTO SERVERLOGS VALUES('ccsmbstgr191',8.0E0,NULL,NULL,'true')
COMMIT
INSERT INTO SERVERLOGS VALUES('ccsmbstgr388',8.0E0,NULL,NULL,'true')
COMMIT
INSERT INTO SERVERLOGS VALUES('ccsmbstgr553',8.0E0,NULL,NULL,'true')
COMMIT
INSERT INTO SERVERLOGS VALUES('ccsmbstgr26',8.0E0,NULL,NULL,'true')
COMMIT
INSERT INTO SERVERLOGS VALUES('ccsmbstgr72',8.0E0,NULL,NULL,'true')
COMMIT
INSERT INTO SERVERLOGS VALUES('ccsmbstgr310',8.0E0,NULL,NULL,'true')
COMMIT
INSERT INTO SERVERLOGS VALUES('ccsmbstgr267',8.0E0,NULL,NULL,'true')
COMMIT
INSERT INTO SERVERLOGS VALUES('ccsmbstgr190',8.0E0,NULL,NULL,'true')
COMMIT
INSERT INTO SERVERLOGS VALUES('ccsmbstgr51',8.0E0,NULL,NULL,'true')
COMMIT
INSERT INTO SERVERLOGS VALUES('ccsmbstgr300',8.0E0,NULL,NULL,'true')
COMMIT
INSERT INTO SERVERLOGS VALUES('ccsmbstgr180',8.0E0,NULL,NULL,'true')
COMMIT
INSERT INTO SERVERLOGS VALUES('ccsmbstgr54',8.0E0,NULL,NULL,'true')
COMMIT
INSERT INTO SERVERLOGS VALUES('ccsmbstgr431',8.0E0,NULL,NULL,'true')
COMMIT
INSERT INTO SERVERLOGS VALUES('ccsmbstgr146',8.0E0,NULL,NULL,'true')
COMMIT
INSERT INTO SERVERLOGS VALUES('ccsmbstgr199',8.0E0,NULL,NULL,'true')
COMMIT
INSERT INTO SERVERLOGS VALUES('ccsmbstgr71',8.0E0,NULL,NULL,'true')
COMMIT
INSERT INTO SERVERLOGS VALUES('ccsmbstgr29',8.0E0,NULL,NULL,'true')
COMMIT
INSERT INTO SERVERLOGS VALUES('ccsmbstgr198',8.0E0,NULL,NULL,'true')
COMMIT
INSERT INTO SERVERLOGS VALUES('ccsmbstgr74',8.0E0,NULL,NULL,'true')
COMMIT
INSERT INTO SERVERLOGS VALUES('ccsmbstgr387',8.0E0,NULL,NULL,'true')
COMMIT
INSERT INTO SERVERLOGS VALUES('ccsmbstgr552',8.0E0,NULL,NULL,'true')
COMMIT
INSERT INTO SERVERLOGS VALUES('ccsmbstgr189',8.0E0,NULL,NULL,'true')
COMMIT
INSERT INTO SERVERLOGS VALUES('ccsmbstgr53',8.0E0,NULL,NULL,'true')
COMMIT
INSERT INTO SERVERLOGS VALUES('ccsmbstgr420',8.0E0,NULL,NULL,'true')
COMMIT
INSERT INTO SERVERLOGS VALUES('ccsmbstgr188',8.0E0,NULL,NULL,'true')
COMMIT
INSERT INTO SERVERLOGS VALUES('ccsmbstgr430',8.0E0,NULL,NULL,'true')
COMMIT
INSERT INTO SERVERLOGS VALUES('ccsmbstgr266',8.0E0,NULL,NULL,'true')
COMMIT
INSERT INTO SERVERLOGS VALUES('ccsmbstgr73',8.0E0,NULL,NULL,'true')
COMMIT
INSERT INTO SERVERLOGS VALUES('ccsmbstgr197',8.0E0,NULL,NULL,'true')
COMMIT
INSERT INTO SERVERLOGS VALUES('ccsmbstgr76',8.0E0,NULL,NULL,'true')
COMMIT
INSERT INTO SERVERLOGS VALUES('ccsmbstgr28',8.0E0,NULL,NULL,'true')
COMMIT
INSERT INTO SERVERLOGS VALUES('ccsmbstgr145',8.0E0,NULL,NULL,'true')
COMMIT
INSERT INTO SERVERLOGS VALUES('ccsmbstgr541',8.0E0,NULL,NULL,'true')
COMMIT
INSERT INTO SERVERLOGS VALUES('ccsmbstgr551',8.0E0,NULL,NULL,'true')
COMMIT
INSERT INTO SERVERLOGS VALUES('ccsmbstgr386',8.0E0,NULL,NULL,'true')
COMMIT
INSERT INTO SERVERLOGS VALUES('ccsmbstgr187',8.0E0,NULL,NULL,'true')
COMMIT
INSERT INTO SERVERLOGS VALUES('ccsmbstgr56',8.0E0,NULL,NULL,'true')
COMMIT
INSERT INTO SERVERLOGS VALUES('ccsmbstgr550',8.0E0,NULL,NULL,'true')
COMMIT
INSERT INTO SERVERLOGS VALUES('ccsmbstgr265',8.0E0,NULL,NULL,'true')
COMMIT
INSERT INTO SERVERLOGS VALUES('ccsmbstgr540',8.0E0,NULL,NULL,'true')
COMMIT
INSERT INTO SERVERLOGS VALUES('ccsmbstgr21',8.0E0,NULL,NULL,'true')
COMMIT
INSERT INTO SERVERLOGS VALUES('ccsmbstgr75',8.0E0,NULL,NULL,'true')
COMMIT
INSERT INTO SERVERLOGS VALUES('ccsmbstgr196',8.0E0,NULL,NULL,'true')
COMMIT
INSERT INTO SERVERLOGS VALUES('ccsmbstgr78',8.0E0,NULL,NULL,'true')
COMMIT
INSERT INTO SERVERLOGS VALUES('ccsmbstgr20',8.0E0,NULL,NULL,'true')
COMMIT
INSERT INTO SERVERLOGS VALUES('ccsmbstgr144',8.0E0,NULL,NULL,'true')
COMMIT
INSERT INTO SERVERLOGS VALUES('ccsmbstgr418',8.0E0,NULL,NULL,'true')
COMMIT
INSERT INTO SERVERLOGS VALUES('ccsmbstgr308',8.0E0,NULL,NULL,'true')
COMMIT
INSERT INTO SERVERLOGS VALUES('ccsmbstgr55',8.0E0,NULL,NULL,'true')
COMMIT
INSERT INTO SERVERLOGS VALUES('ccsmbstgr186',8.0E0,NULL,NULL,'true')
COMMIT
INSERT INTO SERVERLOGS VALUES('ccsmbstgr429',8.0E0,NULL,NULL,'true')
COMMIT
INSERT INTO SERVERLOGS VALUES('ccsmbstgr539',8.0E0,NULL,NULL,'true')
COMMIT
INSERT INTO SERVERLOGS VALUES('ccsmbstgr385',8.0E0,NULL,NULL,'true')
COMMIT
INSERT INTO SERVERLOGS VALUES('ccsmbstgr23',8.0E0,NULL,NULL,'true')
COMMIT
INSERT INTO SERVERLOGS VALUES('ccsmbstgr77',8.0E0,NULL,NULL,'true')
COMMIT
INSERT INTO SERVERLOGS VALUES('ccsmbstgr195',8.0E0,NULL,NULL,'true')
COMMIT
INSERT INTO SERVERLOGS VALUES('ccsmbstgr79',8.0E0,NULL,NULL,'true')
COMMIT
INSERT INTO SERVERLOGS VALUES('ccsmbstgr22',8.0E0,NULL,NULL,'true')
COMMIT
INSERT INTO SERVERLOGS VALUES('ccsmbstgr264',8.0E0,NULL,NULL,'true')
COMMIT
INSERT INTO SERVERLOGS VALUES('ccsmbstgr417',8.0E0,NULL,NULL,'true')
COMMIT
INSERT INTO SERVERLOGS VALUES('ccsmbstgr307',8.0E0,NULL,NULL,'true')
COMMIT
INSERT INTO SERVERLOGS VALUES('ccsmbstgr185',8.0E0,NULL,NULL,'true')
COMMIT
INSERT INTO SERVERLOGS VALUES('ccsmbstgr428',8.0E0,NULL,NULL,'true')
COMMIT
INSERT INTO SERVERLOGS VALUES('ccsmbstgr58',8.0E0,NULL,NULL,'true')
COMMIT
INSERT INTO SERVERLOGS VALUES('ccsmbstgr143',8.0E0,NULL,NULL,'true')
COMMIT
INSERT INTO SERVERLOGS VALUES('ccsmbstgr549',8.0E0,NULL,NULL,'true')
COMMIT
INSERT INTO SERVERLOGS VALUES('ccsmbstgr538',8.0E0,NULL,NULL,'true')
COMMIT
INSERT INTO SERVERLOGS VALUES('ccsmbstgr25',8.0E0,NULL,NULL,'true')
COMMIT
INSERT INTO SERVERLOGS VALUES('ccsmbstgr306',8.0E0,NULL,NULL,'true')
COMMIT
INSERT INTO SERVERLOGS VALUES('ccsmbstgr194',8.0E0,NULL,NULL,'true')
COMMIT
INSERT INTO SERVERLOGS VALUES('ccsmbstgr81',8.0E0,NULL,NULL,'true')
COMMIT
INSERT INTO SERVERLOGS VALUES('ccsmbstgr24',8.0E0,NULL,NULL,'true')
COMMIT
INSERT INTO SERVERLOGS VALUES('ccsmbstgr384',8.0E0,NULL,NULL,'true')
COMMIT
INSERT INTO SERVERLOGS VALUES('ccsmbstgr416',8.0E0,NULL,NULL,'true')
COMMIT
INSERT INTO SERVERLOGS VALUES('ccsmbstgr57',8.0E0,NULL,NULL,'true')
COMMIT
INSERT INTO SERVERLOGS VALUES('ccsmbstgr263',8.0E0,NULL,NULL,'true')
COMMIT
INSERT INTO SERVERLOGS VALUES('ccsmbstgr184',8.0E0,NULL,NULL,'true')
COMMIT
INSERT INTO SERVERLOGS VALUES('ccsmbstgr142',8.0E0,NULL,NULL,'true')
COMMIT
INSERT INTO SERVERLOGS VALUES('ccsmbstgr61',8.0E0,NULL,NULL,'true')
COMMIT
INSERT INTO SERVERLOGS VALUES('ccsmbstgr383',8.0E0,NULL,NULL,'true')
COMMIT
INSERT INTO SERVERLOGS VALUES('ccsmbstgr537',8.0E0,NULL,NULL,'true')
COMMIT
INSERT INTO SERVERLOGS VALUES('ccsmbstgr16',8.0E0,NULL,NULL,'true')
COMMIT
INSERT INTO SERVERLOGS VALUES('ccsmbstgr80',8.0E0,NULL,NULL,'true')
COMMIT
INSERT INTO SERVERLOGS VALUES('ccsmbstgr427',8.0E0,NULL,NULL,'true')
COMMIT
INSERT INTO SERVERLOGS VALUES('ccsmbstgr333',8.0E0,NULL,NULL,'true')
COMMIT
INSERT INTO SERVERLOGS VALUES('ccsmbstgr415',8.0E0,NULL,NULL,'true')
COMMIT
INSERT INTO SERVERLOGS VALUES('ccsmbstgr15',8.0E0,NULL,NULL,'true')
COMMIT
INSERT INTO SERVERLOGS VALUES('ccsmbstgr262',8.0E0,NULL,NULL,'true')
COMMIT
INSERT INTO SERVERLOGS VALUES('ccsmbstgr60',8.0E0,NULL,NULL,'true')
COMMIT
INSERT INTO SERVERLOGS VALUES('ccsmbstgr18',8.0E0,NULL,NULL,'true')
COMMIT
INSERT INTO SERVERLOGS VALUES('ccsmbstgr141',8.0E0,NULL,NULL,'true')
COMMIT
INSERT INTO SERVERLOGS VALUES('ccsmbstgr183',8.0E0,NULL,NULL,'true')
COMMIT
INSERT INTO SERVERLOGS VALUES('ccsmbstgr536',8.0E0,NULL,NULL,'true')
COMMIT
INSERT INTO SERVERLOGS VALUES('ccsmbstgr382',8.0E0,NULL,NULL,'true')
COMMIT
INSERT INTO SERVERLOGS VALUES('ccsmbstgr548',8.0E0,NULL,NULL,'true')
COMMIT
INSERT INTO SERVERLOGS VALUES('ccsmbstgr575',8.0E0,NULL,NULL,'true')
COMMIT
INSERT INTO SERVERLOGS VALUES('ccsmbstgr414',8.0E0,NULL,NULL,'true')
COMMIT
INSERT INTO SERVERLOGS VALUES('ccsmbstgr83',8.0E0,NULL,NULL,'true')
COMMIT
INSERT INTO SERVERLOGS VALUES('ccsmbstgr171',8.0E0,NULL,NULL,'true')
COMMIT
INSERT INTO SERVERLOGS VALUES('ccsmbstgr17',8.0E0,NULL,NULL,'true')
COMMIT
INSERT INTO SERVERLOGS VALUES('ccsmbstgr292',8.0E0,NULL,NULL,'true')
COMMIT
INSERT INTO SERVERLOGS VALUES('ccsmbstgr63',8.0E0,NULL,NULL,'true')
COMMIT
INSERT INTO SERVERLOGS VALUES('ccsmbstgr535',8.0E0,NULL,NULL,'true')
COMMIT
INSERT INTO SERVERLOGS VALUES('ccsmbstgr82',8.0E0,NULL,NULL,'true')
COMMIT
INSERT INTO SERVERLOGS VALUES('ccsmbstgr454',8.0E0,NULL,NULL,'true')
COMMIT
INSERT INTO SERVERLOGS VALUES('ccsmbstgr261',8.0E0,NULL,NULL,'true')
COMMIT
INSERT INTO SERVERLOGS VALUES('ccsmbstgr212',8.0E0,NULL,NULL,'true')
COMMIT
INSERT INTO SERVERLOGS VALUES('ccsmbstgr305',8.0E0,NULL,NULL,'true')
COMMIT
INSERT INTO SERVERLOGS VALUES('ccsmbstgr85',8.0E0,NULL,NULL,'true')
COMMIT
INSERT INTO SERVERLOGS VALUES('ccsmbstgr413',8.0E0,NULL,NULL,'true')
COMMIT
INSERT INTO SERVERLOGS VALUES('ccsmbstgr62',8.0E0,NULL,NULL,'true')
COMMIT
INSERT INTO SERVERLOGS VALUES('ccsmbstgr170',8.0E0,NULL,NULL,'true')
COMMIT
INSERT INTO SERVERLOGS VALUES('ccsmbstgr19',8.0E0,NULL,NULL,'true')
COMMIT
INSERT INTO SERVERLOGS VALUES('ccsmbstgr65',8.0E0,NULL,NULL,'true')
COMMIT
INSERT INTO SERVERLOGS VALUES('ccsmbstgr534',8.0E0,NULL,NULL,'true')
COMMIT
INSERT INTO SERVERLOGS VALUES('ccsmbstgr84',8.0E0,NULL,NULL,'true')
COMMIT
INSERT INTO SERVERLOGS VALUES('ccsmbstgr140',8.0E0,NULL,NULL,'true')
COMMIT
INSERT INTO SERVERLOGS VALUES('ccsmbstgr332',8.0E0,NULL,NULL,'true')
COMMIT
INSERT INTO SERVERLOGS VALUES('ccsmbstgr426',8.0E0,NULL,NULL,'true')
COMMIT
INSERT INTO SERVERLOGS VALUES('ccsmbstgr412',8.0E0,NULL,NULL,'true')
COMMIT
INSERT INTO SERVERLOGS VALUES('ccsmbstgr64',8.0E0,NULL,NULL,'true')
COMMIT
INSERT INTO SERVERLOGS VALUES('ccsmbstgr533',8.0E0,NULL,NULL,'true')
COMMIT
INSERT INTO SERVERLOGS VALUES('ccsmbstgr10',8.0E0,NULL,NULL,'true')
COMMIT
INSERT INTO SERVERLOGS VALUES('ccsmbstgr67',8.0E0,NULL,NULL,'true')
COMMIT
INSERT INTO SERVERLOGS VALUES('ccsmbstgr411',8.0E0,NULL,NULL,'true')
COMMIT
INSERT INTO SERVERLOGS VALUES('ccsmbstgr291',8.0E0,NULL,NULL,'true')
COMMIT
INSERT INTO SERVERLOGS VALUES('ccsmbstgr547',8.0E0,NULL,NULL,'true')
COMMIT
INSERT INTO SERVERLOGS VALUES('ccsmbstgr574',8.0E0,NULL,NULL,'true')
COMMIT
INSERT INTO SERVERLOGS VALUES('ccsmbstgr381',8.0E0,NULL,NULL,'true')
COMMIT
INSERT INTO SERVERLOGS VALUES('ccsmbstgr260',8.0E0,NULL,NULL,'true')
COMMIT
INSERT INTO SERVERLOGS VALUES('ccsmbstgr87',8.0E0,NULL,NULL,'true')
COMMIT
INSERT INTO SERVERLOGS VALUES('ccsmbstgr453',8.0E0,NULL,NULL,'true')
COMMIT
INSERT INTO SERVERLOGS VALUES('ccsmbstgr290',8.0E0,NULL,NULL,'true')
COMMIT
INSERT INTO SERVERLOGS VALUES('ccsmbstgr304',8.0E0,NULL,NULL,'true')
COMMIT
INSERT INTO SERVERLOGS VALUES('ccsmbstgr532',8.0E0,NULL,NULL,'true')
COMMIT
INSERT INTO SERVERLOGS VALUES('ccsmbstgr66',8.0E0,NULL,NULL,'true')
COMMIT
INSERT INTO SERVERLOGS VALUES('ccsmbstgr425',8.0E0,NULL,NULL,'true')
COMMIT
INSERT INTO SERVERLOGS VALUES('ccsmbstgr419',8.0E0,NULL,NULL,'true')
COMMIT
INSERT INTO SERVERLOGS VALUES('ccsmbstgr12',8.0E0,NULL,NULL,'true')
COMMIT
INSERT INTO SERVERLOGS VALUES('ccsmbstgr179',8.0E0,NULL,NULL,'true')
COMMIT
INSERT INTO SERVERLOGS VALUES('ccsmbstgr86',8.0E0,NULL,NULL,'true')
COMMIT
INSERT INTO SERVERLOGS VALUES('ccsmbstgr211',8.0E0,NULL,NULL,'true')
COMMIT
INSERT INTO SERVERLOGS VALUES('ccsmbstgr139',8.0E0,NULL,NULL,'true')
COMMIT
INSERT INTO SERVERLOGS VALUES('ccsmbstgr178',8.0E0,NULL,NULL,'true')
COMMIT
INSERT INTO SERVERLOGS VALUES('ccsmbstgr90',8.0E0,NULL,NULL,'true')
COMMIT
INSERT INTO SERVERLOGS VALUES('ccsmbstgr11',8.0E0,NULL,NULL,'true')
COMMIT
INSERT INTO SERVERLOGS VALUES('ccsmbstgr546',8.0E0,NULL,NULL,'true')
COMMIT
INSERT INTO SERVERLOGS VALUES('ccsmbstgr303',8.0E0,NULL,NULL,'true')
COMMIT
INSERT INTO SERVERLOGS VALUES('ccsmbstgr69',8.0E0,NULL,NULL,'true')
COMMIT
INSERT INTO SERVERLOGS VALUES('ccsmbstgr14',8.0E0,NULL,NULL,'true')
COMMIT
INSERT INTO SERVERLOGS VALUES('ccsmbstgr92',8.0E0,NULL,NULL,'true')
COMMIT
INSERT INTO SERVERLOGS VALUES('ccsmbstgr299',8.0E0,NULL,NULL,'true')
COMMIT
INSERT INTO SERVERLOGS VALUES('ccsmbstgr331',8.0E0,NULL,NULL,'true')
COMMIT
INSERT INTO SERVERLOGS VALUES('ccsmbstgr259',8.0E0,NULL,NULL,'true')
COMMIT
INSERT INTO SERVERLOGS VALUES('ccsmbstgr89',8.0E0,NULL,NULL,'true')
COMMIT
INSERT INTO SERVERLOGS VALUES('ccsmbstgr177',8.0E0,NULL,NULL,'true')
COMMIT
INSERT INTO SERVERLOGS VALUES('ccsmbstgr573',8.0E0,NULL,NULL,'true')
COMMIT
INSERT INTO SERVERLOGS VALUES('ccsmbstgr91',8.0E0,NULL,NULL,'true')
COMMIT
INSERT INTO SERVERLOGS VALUES('ccsmbstgr94',8.0E0,NULL,NULL,'true')
COMMIT
INSERT INTO SERVERLOGS VALUES('ccsmbstgr13',8.0E0,NULL,NULL,'true')
COMMIT
INSERT INTO SERVERLOGS VALUES('ccsmbstgr68',8.0E0,NULL,NULL,'true')
COMMIT
INSERT INTO SERVERLOGS VALUES('ccsmbstgr424',8.0E0,NULL,NULL,'true')
COMMIT
INSERT INTO SERVERLOGS VALUES('ccsmbstgr452',8.0E0,NULL,NULL,'true')
COMMIT
INSERT INTO SERVERLOGS VALUES('ccsmbstgr93',8.0E0,NULL,NULL,'true')
COMMIT
INSERT INTO SERVERLOGS VALUES('ccsmbstgr38',8.0E0,NULL,NULL,'true')
COMMIT
INSERT INTO SERVERLOGS VALUES('ccsmbstgr410',8.0E0,NULL,NULL,'true')
COMMIT
INSERT INTO SERVERLOGS VALUES('ccsmbstgr298',8.0E0,NULL,NULL,'true')
COMMIT
INSERT INTO SERVERLOGS VALUES('ccsmbstgr88',8.0E0,NULL,NULL,'true')
COMMIT
INSERT INTO SERVERLOGS VALUES('ccsmbstgr138',8.0E0,NULL,NULL,'true')
COMMIT
INSERT INTO SERVERLOGS VALUES('ccsmbstgr176',8.0E0,NULL,NULL,'true')
COMMIT
INSERT INTO SERVERLOGS VALUES('ccsmbstgr344',8.0E0,NULL,NULL,'true')
COMMIT
INSERT INTO SERVERLOGS VALUES('ccsmbstgr531',8.0E0,NULL,NULL,'true')
COMMIT
INSERT INTO SERVERLOGS VALUES('ccsmbstgr37',8.0E0,NULL,NULL,'true')
COMMIT
INSERT INTO SERVERLOGS VALUES('ccsmbstgr49',8.0E0,NULL,NULL,'true')
COMMIT
INSERT INTO SERVERLOGS VALUES('ccsmbstgr545',8.0E0,NULL,NULL,'true')
COMMIT
INSERT INTO SERVERLOGS VALUES('ccsmbstgr210',8.0E0,NULL,NULL,'true')
COMMIT
INSERT INTO SERVERLOGS VALUES('ccsmbstgr530',8.0E0,NULL,NULL,'true')
COMMIT
INSERT INTO SERVERLOGS VALUES('ccsmbstgr586',8.0E0,NULL,NULL,'true')
COMMIT
INSERT INTO SERVERLOGS VALUES('ccsmbstgr379',8.0E0,NULL,NULL,'true')
COMMIT
INSERT INTO SERVERLOGS VALUES('ccsmbstgr297',8.0E0,NULL,NULL,'true')
COMMIT
INSERT INTO SERVERLOGS VALUES('ccsmbstgr407',8.0E0,NULL,NULL,'true')
COMMIT
INSERT INTO SERVERLOGS VALUES('ccsmbstgr302',8.0E0,NULL,NULL,'true')
COMMIT
INSERT INTO SERVERLOGS VALUES('ccsmbstgr330',8.0E0,NULL,NULL,'true')
COMMIT
INSERT INTO SERVERLOGS VALUES('ccsmbstgr48',8.0E0,NULL,NULL,'true')
COMMIT
INSERT INTO SERVERLOGS VALUES('ccsmbstgr39',8.0E0,NULL,NULL,'true')
COMMIT
INSERT INTO SERVERLOGS VALUES('ccsmbstgr41',8.0E0,NULL,NULL,'true')
COMMIT
INSERT INTO SERVERLOGS VALUES('ccsmbstgr572',8.0E0,NULL,NULL,'true')
COMMIT
INSERT INTO SERVERLOGS VALUES('ccsmbstgr175',8.0E0,NULL,NULL,'true')
COMMIT
INSERT INTO SERVERLOGS VALUES('ccsmbstgr528',8.0E0,NULL,NULL,'true')
COMMIT
INSERT INTO SERVERLOGS VALUES('ccsmbstgr423',8.0E0,NULL,NULL,'true')
COMMIT
INSERT INTO SERVERLOGS VALUES('ccsmbstgr258',8.0E0,NULL,NULL,'true')
COMMIT
INSERT INTO SERVERLOGS VALUES('ccsmbstgr544',8.0E0,NULL,NULL,'true')
COMMIT
INSERT INTO SERVERLOGS VALUES('ccsmbstgr465',8.0E0,NULL,NULL,'true')
COMMIT
INSERT INTO SERVERLOGS VALUES('ccsmbstgr406',8.0E0,NULL,NULL,'true')
COMMIT
INSERT INTO SERVERLOGS VALUES('ccsmbstgr137',8.0E0,NULL,NULL,'true')
COMMIT
INSERT INTO SERVERLOGS VALUES('ccsmbstgr296',8.0E0,NULL,NULL,'true')
COMMIT
INSERT INTO SERVERLOGS VALUES('ccsmbstgr451',8.0E0,NULL,NULL,'true')
COMMIT
INSERT INTO SERVERLOGS VALUES('ccsmbstgr30',8.0E0,NULL,NULL,'true')
COMMIT
INSERT INTO SERVERLOGS VALUES('ccsmbstgr40',8.0E0,NULL,NULL,'true')
COMMIT
INSERT INTO SERVERLOGS VALUES('ccsmbstgr174',8.0E0,NULL,NULL,'true')
COMMIT
INSERT INTO SERVERLOGS VALUES('ccsmbstgr527',8.0E0,NULL,NULL,'true')
COMMIT
INSERT INTO SERVERLOGS VALUES('ccsmbstgr378',8.0E0,NULL,NULL,'true')
COMMIT
INSERT INTO SERVERLOGS VALUES('ccsmbstgr223',8.0E0,NULL,NULL,'true')
COMMIT
INSERT INTO SERVERLOGS VALUES('ccsmbstgr301',8.0E0,NULL,NULL,'true')
COMMIT
INSERT INTO SERVERLOGS VALUES('ccsmbstgr102',8.0E0,NULL,NULL,'true')
COMMIT
INSERT INTO SERVERLOGS VALUES('ccsmbstgr499',8.0E0,NULL,NULL,'true')
COMMIT
INSERT INTO SERVERLOGS VALUES('ccsmbstgr405',8.0E0,NULL,NULL,'true')
COMMIT
INSERT INTO SERVERLOGS VALUES('ccsmbstgr295',8.0E0,NULL,NULL,'true')
COMMIT
INSERT INTO SERVERLOGS VALUES('ccsmbstgr43',8.0E0,NULL,NULL,'true')
COMMIT
INSERT INTO SERVERLOGS VALUES('ccsmbstgr32',8.0E0,NULL,NULL,'true')
COMMIT
INSERT INTO SERVERLOGS VALUES('ccsmbstgr42',8.0E0,NULL,NULL,'true')
COMMIT
INSERT INTO SERVERLOGS VALUES('ccsmbstgr450',8.0E0,NULL,NULL,'true')
COMMIT
INSERT INTO SERVERLOGS VALUES('ccsmbstgr173',8.0E0,NULL,NULL,'true')
COMMIT
INSERT INTO SERVERLOGS VALUES('ccsmbstgr343',8.0E0,NULL,NULL,'true')
COMMIT
INSERT INTO SERVERLOGS VALUES('ccsmbstgr257',8.0E0,NULL,NULL,'true')
COMMIT
INSERT INTO SERVERLOGS VALUES('ccsmbstgr526',8.0E0,NULL,NULL,'true')
COMMIT
INSERT INTO SERVERLOGS VALUES('ccsmbstgr422',8.0E0,NULL,NULL,'true')
COMMIT
INSERT INTO SERVERLOGS VALUES('ccsmbstgr585',8.0E0,NULL,NULL,'true')
COMMIT
INSERT INTO SERVERLOGS VALUES('ccsmbstgr571',8.0E0,NULL,NULL,'true')
COMMIT
INSERT INTO SERVERLOGS VALUES('ccsmbstgr294',8.0E0,NULL,NULL,'true')
COMMIT
INSERT INTO SERVERLOGS VALUES('ccsmbstgr31',8.0E0,NULL,NULL,'true')
COMMIT
INSERT INTO SERVERLOGS VALUES('ccsmbstgr45',8.0E0,NULL,NULL,'true')
COMMIT
INSERT INTO SERVERLOGS VALUES('ccsmbstgr172',8.0E0,NULL,NULL,'true')
COMMIT
INSERT INTO SERVERLOGS VALUES('ccsmbstgr570',8.0E0,NULL,NULL,'true')
COMMIT
INSERT INTO SERVERLOGS VALUES('ccsmbstgr293',8.0E0,NULL,NULL,'true')
COMMIT
INSERT INTO SERVERLOGS VALUES('ccsmbstgr464',8.0E0,NULL,NULL,'true')
COMMIT
INSERT INTO SERVERLOGS VALUES('ccsmbstgr543',8.0E0,NULL,NULL,'true')
COMMIT
INSERT INTO SERVERLOGS VALUES('ccsmbstgr404',8.0E0,NULL,NULL,'true')
COMMIT
INSERT INTO SERVERLOGS VALUES('ccsmbstgr136',8.0E0,NULL,NULL,'true')
COMMIT
INSERT INTO SERVERLOGS VALUES('ccsmbstgr309',8.0E0,NULL,NULL,'true')
COMMIT
INSERT INTO SERVERLOGS VALUES('ccsmbstgr209',8.0E0,NULL,NULL,'true')
COMMIT
INSERT INTO SERVERLOGS VALUES('ccsmbstgr169',8.0E0,NULL,NULL,'true')
COMMIT
INSERT INTO SERVERLOGS VALUES('ccsmbstgr222',8.0E0,NULL,NULL,'true')
COMMIT
INSERT INTO SERVERLOGS VALUES('ccsmbstgr44',8.0E0,NULL,NULL,'true')
COMMIT
INSERT INTO SERVERLOGS VALUES('ccsmbstgr34',8.0E0,NULL,NULL,'true')
COMMIT
INSERT INTO SERVERLOGS VALUES('ccsmbstgr101',8.0E0,NULL,NULL,'true')
COMMIT
INSERT INTO SERVERLOGS VALUES('ccsmbstgr47',8.0E0,NULL,NULL,'true')
COMMIT
INSERT INTO SERVERLOGS VALUES('ccsmbstgr342',8.0E0,NULL,NULL,'true')
COMMIT
INSERT INTO SERVERLOGS VALUES('ccsmbstgr391',8.0E0,NULL,NULL,'true')
COMMIT
INSERT INTO SERVERLOGS VALUES('ccsmbstgr329',8.0E0,NULL,NULL,'true')
COMMIT
INSERT INTO SERVERLOGS VALUES('ccsmbstgr322',8.0E0,NULL,NULL,'true')
COMMIT
INSERT INTO SERVERLOGS VALUES('ccsmbstgr208',8.0E0,NULL,NULL,'true')
COMMIT
INSERT INTO SERVERLOGS VALUES('ccsmbstgr525',8.0E0,NULL,NULL,'true')
COMMIT
INSERT INTO SERVERLOGS VALUES('ccsmbstgr490',8.0E0,NULL,NULL,'true')
COMMIT
INSERT INTO SERVERLOGS VALUES('ccsmbstgr328',8.0E0,NULL,NULL,'true')
COMMIT
INSERT INTO SERVERLOGS VALUES('ccsmbstgr443',8.0E0,NULL,NULL,'true')
COMMIT
INSERT INTO SERVERLOGS VALUES('ccsmbstgr449',8.0E0,NULL,NULL,'true')
COMMIT
INSERT INTO SERVERLOGS VALUES('ccsmbstgr270',8.0E0,NULL,NULL,'true')
COMMIT
INSERT INTO SERVERLOGS VALUES('ccsmbstgr584',8.0E0,NULL,NULL,'true')
COMMIT
INSERT INTO SERVERLOGS VALUES('ccsmbstgr46',8.0E0,NULL,NULL,'true')
COMMIT
INSERT INTO SERVERLOGS VALUES('ccsmbstgr33',8.0E0,NULL,NULL,'true')
COMMIT
INSERT INTO SERVERLOGS VALUES('ccsmbstgr463',8.0E0,NULL,NULL,'true')
COMMIT
INSERT INTO SERVERLOGS VALUES('ccsmbstgr207',8.0E0,NULL,NULL,'true')
COMMIT
INSERT INTO SERVERLOGS VALUES('ccsmbstgr390',8.0E0,NULL,NULL,'true')
COMMIT
INSERT INTO SERVERLOGS VALUES('ccsmbstgr564',8.0E0,NULL,NULL,'true')
COMMIT
INSERT INTO SERVERLOGS VALUES('ccsmbstgr377',8.0E0,NULL,NULL,'true')
COMMIT
INSERT INTO SERVERLOGS VALUES('ccsmbstgr399',8.0E0,NULL,NULL,'true')
COMMIT
INSERT INTO SERVERLOGS VALUES('ccsmbstgr201',8.0E0,NULL,NULL,'true')
COMMIT
INSERT INTO SERVERLOGS VALUES('ccsmbstgr403',8.0E0,NULL,NULL,'true')
COMMIT
INSERT INTO SERVERLOGS VALUES('ccsmbstgr327',8.0E0,NULL,NULL,'true')
COMMIT
INSERT INTO SERVERLOGS VALUES('ccsmbstgr221',8.0E0,NULL,NULL,'true')
COMMIT
INSERT INTO SERVERLOGS VALUES('ccsmbstgr36',8.0E0,NULL,NULL,'true')
COMMIT
INSERT INTO SERVERLOGS VALUES('ccsmbstgr160',8.0E0,NULL,NULL,'true')
COMMIT
INSERT INTO SERVERLOGS VALUES('ccsmbstgr35',8.0E0,NULL,NULL,'true')
COMMIT
INSERT INTO SERVERLOGS VALUES('ccsmbstgr100',8.0E0,NULL,NULL,'true')
COMMIT
INSERT INTO SERVERLOGS VALUES('ccsmbstgr524',8.0E0,NULL,NULL,'true')
COMMIT
INSERT INTO SERVERLOGS VALUES('ccsmbstgr448',8.0E0,NULL,NULL,'true')
COMMIT
INSERT INTO SERVERLOGS VALUES('ccsmbstgr321',8.0E0,NULL,NULL,'true')
COMMIT
INSERT INTO SERVERLOGS VALUES('ccsmbstgr157',8.0E0,NULL,NULL,'true')
COMMIT
INSERT INTO SERVERLOGS VALUES('ccsmbstgr498',8.0E0,NULL,NULL,'true')
COMMIT
INSERT INTO SERVERLOGS VALUES('ccsmbstgr278',8.0E0,NULL,NULL,'true')
COMMIT
INSERT INTO SERVERLOGS VALUES('ccsmbstgr569',8.0E0,NULL,NULL,'true')
COMMIT
INSERT INTO SERVERLOGS VALUES('ccsmbstgr442',8.0E0,NULL,NULL,'true')
COMMIT
INSERT INTO SERVERLOGS VALUES('ccsmbstgr402',8.0E0,NULL,NULL,'true')
COMMIT
INSERT INTO SERVERLOGS VALUES('ccsmbstgr341',8.0E0,NULL,NULL,'true')
COMMIT
INSERT INTO SERVERLOGS VALUES('ccsmbstgr506',8.0E0,NULL,NULL,'true')
COMMIT
INSERT INTO SERVERLOGS VALUES('ccsmbstgr281',8.0E0,NULL,NULL,'true')
COMMIT
INSERT INTO SERVERLOGS VALUES('ccsmbstgr505',8.0E0,NULL,NULL,'true')
COMMIT
INSERT INTO SERVERLOGS VALUES('ccsmbstgr583',8.0E0,NULL,NULL,'true')
COMMIT
INSERT INTO SERVERLOGS VALUES('ccsmbstgr504',8.0E0,NULL,NULL,'true')
COMMIT
INSERT INTO SERVERLOGS VALUES('ccsmbstgr523',8.0E0,NULL,NULL,'true')
COMMIT
INSERT INTO SERVERLOGS VALUES('ccsmbstgr563',8.0E0,NULL,NULL,'true')
COMMIT
INSERT INTO SERVERLOGS VALUES('ccsmbstgr206',8.0E0,NULL,NULL,'true')
COMMIT
INSERT INTO SERVERLOGS VALUES('ccsmbstgr256',8.0E0,NULL,NULL,'true')
COMMIT
INSERT INTO SERVERLOGS VALUES('ccsmbstgr398',8.0E0,NULL,NULL,'true')
COMMIT
INSERT INTO SERVERLOGS VALUES('ccsmbstgr200',8.0E0,NULL,NULL,'true')
COMMIT
INSERT INTO SERVERLOGS VALUES('ccsmbstgr462',8.0E0,NULL,NULL,'true')
COMMIT
INSERT INTO SERVERLOGS VALUES('ccsmbstgr503',8.0E0,NULL,NULL,'true')
COMMIT
INSERT INTO SERVERLOGS VALUES('ccsmbstgr280',8.0E0,NULL,NULL,'true')
COMMIT
INSERT INTO SERVERLOGS VALUES('ccsmbstgr401',8.0E0,NULL,NULL,'true')
COMMIT
INSERT INTO SERVERLOGS VALUES('ccsmbstgr320',8.0E0,NULL,NULL,'true')
COMMIT
INSERT INTO SERVERLOGS VALUES('ccsmbstgr220',8.0E0,NULL,NULL,'true')
COMMIT
INSERT INTO SERVERLOGS VALUES('ccsmbstgr156',8.0E0,NULL,NULL,'true')
COMMIT
INSERT INTO SERVERLOGS VALUES('ccsmbstgr135',8.0E0,NULL,NULL,'true')
COMMIT
INSERT INTO SERVERLOGS VALUES('ccsmbstgr326',8.0E0,NULL,NULL,'true')
COMMIT
INSERT INTO SERVERLOGS VALUES('ccsmbstgr277',8.0E0,NULL,NULL,'true')
COMMIT
INSERT INTO SERVERLOGS VALUES('ccsmbstgr441',8.0E0,NULL,NULL,'true')
COMMIT
INSERT INTO SERVERLOGS VALUES('ccsmbstgr340',8.0E0,NULL,NULL,'true')
COMMIT
INSERT INTO SERVERLOGS VALUES('ccsmbstgr168',8.0E0,NULL,NULL,'true')
COMMIT
INSERT INTO SERVERLOGS VALUES('ccsmbstgr522',8.0E0,NULL,NULL,'true')
COMMIT
INSERT INTO SERVERLOGS VALUES('ccsmbstgr502',8.0E0,NULL,NULL,'true')
COMMIT
INSERT INTO SERVERLOGS VALUES('ccsmbstgr289',8.0E0,NULL,NULL,'true')
COMMIT
INSERT INTO SERVERLOGS VALUES('ccsmbstgr562',8.0E0,NULL,NULL,'true')
COMMIT
INSERT INTO SERVERLOGS VALUES('ccsmbstgr582',8.0E0,NULL,NULL,'true')
COMMIT
INSERT INTO SERVERLOGS VALUES('ccsmbstgr447',8.0E0,NULL,NULL,'true')
COMMIT
INSERT INTO SERVERLOGS VALUES('ccsmbstgr397',8.0E0,NULL,NULL,'true')
COMMIT
INSERT INTO SERVERLOGS VALUES('ccsmbstgr376',8.0E0,NULL,NULL,'true')
COMMIT
INSERT INTO SERVERLOGS VALUES('ccsmbstgr568',8.0E0,NULL,NULL,'true')
COMMIT
INSERT INTO SERVERLOGS VALUES('ccsmbstgr155',8.0E0,NULL,NULL,'true')
COMMIT
INSERT INTO SERVERLOGS VALUES('ccsmbstgr205',8.0E0,NULL,NULL,'true')
COMMIT
INSERT INTO SERVERLOGS VALUES('ccsmbstgr461',8.0E0,NULL,NULL,'true')
COMMIT
INSERT INTO SERVERLOGS VALUES('ccsmbstgr440',8.0E0,NULL,NULL,'true')
COMMIT
INSERT INTO SERVERLOGS VALUES('ccsmbstgr501',8.0E0,NULL,NULL,'true')
COMMIT
INSERT INTO SERVERLOGS VALUES('ccsmbstgr167',8.0E0,NULL,NULL,'true')
COMMIT
INSERT INTO SERVERLOGS VALUES('ccsmbstgr400',8.0E0,NULL,NULL,'true')
COMMIT
INSERT INTO SERVERLOGS VALUES('ccsmbstgr581',8.0E0,NULL,NULL,'true')
COMMIT
INSERT INTO SERVERLOGS VALUES('ccsmbstgr561',8.0E0,NULL,NULL,'true')
COMMIT
INSERT INTO SERVERLOGS VALUES('ccsmbstgr325',8.0E0,NULL,NULL,'true')
COMMIT
INSERT INTO SERVERLOGS VALUES('ccsmbstgr446',8.0E0,NULL,NULL,'true')
COMMIT
INSERT INTO SERVERLOGS VALUES('ccsmbstgr276',8.0E0,NULL,NULL,'true')
COMMIT
INSERT INTO SERVERLOGS VALUES('ccsmbstgr497',8.0E0,NULL,NULL,'true')
COMMIT
INSERT INTO SERVERLOGS VALUES('ccsmbstgr460',8.0E0,NULL,NULL,'true')
COMMIT
INSERT INTO SERVERLOGS VALUES('ccsmbstgr560',8.0E0,NULL,NULL,'true')
COMMIT
INSERT INTO SERVERLOGS VALUES('ccsmbstgr521',8.0E0,NULL,NULL,'true')
COMMIT
INSERT INTO SERVERLOGS VALUES('ccsmbstgr288',8.0E0,NULL,NULL,'true')
COMMIT
INSERT INTO SERVERLOGS VALUES('ccsmbstgr500',8.0E0,NULL,NULL,'true')
COMMIT
INSERT INTO SERVERLOGS VALUES('ccsmbstgr96',8.0E0,NULL,NULL,'true')
COMMIT
INSERT INTO SERVERLOGS VALUES('ccsmbstgr255',8.0E0,NULL,NULL,'true')
COMMIT
INSERT INTO SERVERLOGS VALUES('ccsmbstgr580',8.0E0,NULL,NULL,'true')
COMMIT
INSERT INTO SERVERLOGS VALUES('ccsmbstgr319',8.0E0,NULL,NULL,'true')
COMMIT
INSERT INTO SERVERLOGS VALUES('ccsmbstgr396',8.0E0,NULL,NULL,'true')
COMMIT
INSERT INTO SERVERLOGS VALUES('ccsmbstgr567',8.0E0,NULL,NULL,'true')
COMMIT
INSERT INTO SERVERLOGS VALUES('ccsmbstgr154',8.0E0,NULL,NULL,'true')
COMMIT
INSERT INTO SERVERLOGS VALUES('ccsmbstgr318',8.0E0,NULL,NULL,'true')
COMMIT
INSERT INTO SERVERLOGS VALUES('ccsmbstgr134',8.0E0,NULL,NULL,'true')
COMMIT
INSERT INTO SERVERLOGS VALUES('ccsmbstgr219',8.0E0,NULL,NULL,'true')
COMMIT
INSERT INTO SERVERLOGS VALUES('ccsmbstgr509',8.0E0,NULL,NULL,'true')
COMMIT
INSERT INTO SERVERLOGS VALUES('ccsmbstgr95',8.0E0,NULL,NULL,'true')
COMMIT
INSERT INTO SERVERLOGS VALUES('ccsmbstgr166',8.0E0,NULL,NULL,'true')
COMMIT
INSERT INTO SERVERLOGS VALUES('ccsmbstgr339',8.0E0,NULL,NULL,'true')
COMMIT
INSERT INTO SERVERLOGS VALUES('ccsmbstgr375',8.0E0,NULL,NULL,'true')
COMMIT
INSERT INTO SERVERLOGS VALUES('ccsmbstgr439',8.0E0,NULL,NULL,'true')
COMMIT
INSERT INTO SERVERLOGS VALUES('ccsmbstgr204',8.0E0,NULL,NULL,'true')
COMMIT
INSERT INTO SERVERLOGS VALUES('ccsmbstgr275',8.0E0,NULL,NULL,'true')
COMMIT
INSERT INTO SERVERLOGS VALUES('ccsmbstgr496',8.0E0,NULL,NULL,'true')
COMMIT
INSERT INTO SERVERLOGS VALUES('ccsmbstgr218',8.0E0,NULL,NULL,'true')
COMMIT
INSERT INTO SERVERLOGS VALUES('ccsmbstgr287',8.0E0,NULL,NULL,'true')
COMMIT
INSERT INTO SERVERLOGS VALUES('ccsmbstgr98',8.0E0,NULL,NULL,'true')
COMMIT
INSERT INTO SERVERLOGS VALUES('ccsmbstgr97',8.0E0,NULL,NULL,'true')
COMMIT
INSERT INTO SERVERLOGS VALUES('ccsmbstgr508',8.0E0,NULL,NULL,'true')
COMMIT
INSERT INTO SERVERLOGS VALUES('ccsmbstgr165',8.0E0,NULL,NULL,'true')
COMMIT
INSERT INTO SERVERLOGS VALUES('ccsmbstgr338',8.0E0,NULL,NULL,'true')
COMMIT
INSERT INTO SERVERLOGS VALUES('ccsmbstgr254',8.0E0,NULL,NULL,'true')
COMMIT
INSERT INTO SERVERLOGS VALUES('ccsmbstgr395',8.0E0,NULL,NULL,'true')
COMMIT
INSERT INTO SERVERLOGS VALUES('ccsmbstgr324',8.0E0,NULL,NULL,'true')
COMMIT
INSERT INTO SERVERLOGS VALUES('ccsmbstgr317',8.0E0,NULL,NULL,'true')
COMMIT
INSERT INTO SERVERLOGS VALUES('ccsmbstgr445',8.0E0,NULL,NULL,'true')
COMMIT
INSERT INTO SERVERLOGS VALUES('ccsmbstgr133',8.0E0,NULL,NULL,'true')
COMMIT
INSERT INTO SERVERLOGS VALUES('ccsmbstgr153',8.0E0,NULL,NULL,'true')
COMMIT
INSERT INTO SERVERLOGS VALUES('ccsmbstgr459',8.0E0,NULL,NULL,'true')
COMMIT
INSERT INTO SERVERLOGS VALUES('ccsmbstgr286',8.0E0,NULL,NULL,'true')
COMMIT
INSERT INTO SERVERLOGS VALUES('ccsmbstgr217',8.0E0,NULL,NULL,'true')
COMMIT
INSERT INTO SERVERLOGS VALUES('ccsmbstgr507',8.0E0,NULL,NULL,'true')
COMMIT
INSERT INTO SERVERLOGS VALUES('ccsmbstgr99',8.0E0,NULL,NULL,'true')
COMMIT
INSERT INTO SERVERLOGS VALUES('ccsmbstgr164',8.0E0,NULL,NULL,'true')
COMMIT
INSERT INTO SERVERLOGS VALUES('ccsmbstgr337',8.0E0,NULL,NULL,'true')
COMMIT
INSERT INTO SERVERLOGS VALUES('ccsmbstgr274',8.0E0,NULL,NULL,'true')
COMMIT
INSERT INTO SERVERLOGS VALUES('ccsmbstgr566',8.0E0,NULL,NULL,'true')
COMMIT
INSERT INTO SERVERLOGS VALUES('ccsmbstgr374',8.0E0,NULL,NULL,'true')
COMMIT
INSERT INTO SERVERLOGS VALUES('ccsmbstgr438',8.0E0,NULL,NULL,'true')
COMMIT
INSERT INTO SERVERLOGS VALUES('ccsmbstgr394',8.0E0,NULL,NULL,'true')
COMMIT
INSERT INTO SERVERLOGS VALUES('ccsmbstgr559',8.0E0,NULL,NULL,'true')
COMMIT
INSERT INTO SERVERLOGS VALUES('ccsmbstgr579',8.0E0,NULL,NULL,'true')
COMMIT
INSERT INTO SERVERLOGS VALUES('ccsmbstgr285',8.0E0,NULL,NULL,'true')
COMMIT
INSERT INTO SERVERLOGS VALUES('ccsmbstgr520',8.0E0,NULL,NULL,'true')
COMMIT
INSERT INTO SERVERLOGS VALUES('ccsmbstgr409',8.0E0,NULL,NULL,'true')
COMMIT
INSERT INTO SERVERLOGS VALUES('ccsmbstgr458',8.0E0,NULL,NULL,'true')
COMMIT
INSERT INTO SERVERLOGS VALUES('ccsmbstgr163',8.0E0,NULL,NULL,'true')
COMMIT
INSERT INTO SERVERLOGS VALUES('ccsmbstgr316',8.0E0,NULL,NULL,'true')
COMMIT
INSERT INTO SERVERLOGS VALUES('ccsmbstgr152',8.0E0,NULL,NULL,'true')
COMMIT
INSERT INTO SERVERLOGS VALUES('ccsmbstgr495',8.0E0,NULL,NULL,'true')
COMMIT
INSERT INTO SERVERLOGS VALUES('ccsmbstgr437',8.0E0,NULL,NULL,'true')
COMMIT
INSERT INTO SERVERLOGS VALUES('ccsmbstgr203',8.0E0,NULL,NULL,'true')
COMMIT
INSERT INTO SERVERLOGS VALUES('ccsmbstgr284',8.0E0,NULL,NULL,'true')
COMMIT
INSERT INTO SERVERLOGS VALUES('ccsmbstgr273',8.0E0,NULL,NULL,'true')
COMMIT
INSERT INTO SERVERLOGS VALUES('ccsmbstgr216',8.0E0,NULL,NULL,'true')
COMMIT
INSERT INTO SERVERLOGS VALUES('ccsmbstgr517',8.0E0,NULL,NULL,'true')
COMMIT
INSERT INTO SERVERLOGS VALUES('ccsmbstgr408',8.0E0,NULL,NULL,'true')
COMMIT
INSERT INTO SERVERLOGS VALUES('ccsmbstgr393',8.0E0,NULL,NULL,'true')
COMMIT
INSERT INTO SERVERLOGS VALUES('ccsmbstgr516',8.0E0,NULL,NULL,'true')
COMMIT
INSERT INTO SERVERLOGS VALUES('ccsmbstgr162',8.0E0,NULL,NULL,'true')
COMMIT
INSERT INTO SERVERLOGS VALUES('ccsmbstgr558',8.0E0,NULL,NULL,'true')
COMMIT
INSERT INTO SERVERLOGS VALUES('ccsmbstgr253',8.0E0,NULL,NULL,'true')
COMMIT
INSERT INTO SERVERLOGS VALUES('ccsmbstgr323',8.0E0,NULL,NULL,'true')
COMMIT
INSERT INTO SERVERLOGS VALUES('ccsmbstgr283',8.0E0,NULL,NULL,'true')
COMMIT
INSERT INTO SERVERLOGS VALUES('ccsmbstgr515',8.0E0,NULL,NULL,'true')
COMMIT
INSERT INTO SERVERLOGS VALUES('ccsmbstgr444',8.0E0,NULL,NULL,'true')
COMMIT
INSERT INTO SERVERLOGS VALUES('ccsmbstgr151',8.0E0,NULL,NULL,'true')
COMMIT
INSERT INTO SERVERLOGS VALUES('ccsmbstgr529',8.0E0,NULL,NULL,'true')
COMMIT
INSERT INTO SERVERLOGS VALUES('ccsmbstgr272',8.0E0,NULL,NULL,'true')
COMMIT
INSERT INTO SERVERLOGS VALUES('ccsmbstgr336',8.0E0,NULL,NULL,'true')
COMMIT
INSERT INTO SERVERLOGS VALUES('ccsmbstgr565',8.0E0,NULL,NULL,'true')
COMMIT
INSERT INTO SERVERLOGS VALUES('ccsmbstgr161',8.0E0,NULL,NULL,'true')
COMMIT
INSERT INTO SERVERLOGS VALUES('ccsmbstgr514',8.0E0,NULL,NULL,'true')
COMMIT
INSERT INTO SERVERLOGS VALUES('ccsmbstgr132',8.0E0,NULL,NULL,'true')
COMMIT
INSERT INTO SERVERLOGS VALUES('ccsmbstgr315',8.0E0,NULL,NULL,'true')
COMMIT
INSERT INTO SERVERLOGS VALUES('ccsmbstgr513',8.0E0,NULL,NULL,'true')
COMMIT
INSERT INTO SERVERLOGS VALUES('ccsmbstgr373',8.0E0,NULL,NULL,'true')
COMMIT
INSERT INTO SERVERLOGS VALUES('ccsmbstgr578',8.0E0,NULL,NULL,'true')
COMMIT
INSERT INTO SERVERLOGS VALUES('ccsmbstgr202',8.0E0,NULL,NULL,'true')
COMMIT
INSERT INTO SERVERLOGS VALUES('ccsmbstgr282',8.0E0,NULL,NULL,'true')
COMMIT
INSERT INTO SERVERLOGS VALUES('ccsmbstgr392',8.0E0,NULL,NULL,'true')
COMMIT
INSERT INTO SERVERLOGS VALUES('ccsmbstgr355',8.0E0,NULL,NULL,'true')
COMMIT
INSERT INTO SERVERLOGS VALUES('ccsmbstgr159',8.0E0,NULL,NULL,'true')
COMMIT
INSERT INTO SERVERLOGS VALUES('ccsmbstgr271',8.0E0,NULL,NULL,'true')
COMMIT
INSERT INTO SERVERLOGS VALUES('ccsmbstgr366',8.0E0,NULL,NULL,'true')
COMMIT
INSERT INTO SERVERLOGS VALUES('ccsmbstgr512',8.0E0,NULL,NULL,'true')
COMMIT
INSERT INTO SERVERLOGS VALUES('ccsmbstgr494',8.0E0,NULL,NULL,'true')
COMMIT
INSERT INTO SERVERLOGS VALUES('ccsmbstgr457',8.0E0,NULL,NULL,'true')
COMMIT
INSERT INTO SERVERLOGS VALUES('ccsmbstgr436',8.0E0,NULL,NULL,'true')
COMMIT
INSERT INTO SERVERLOGS VALUES('ccsmbstgr252',8.0E0,NULL,NULL,'true')
COMMIT
INSERT INTO SERVERLOGS VALUES('ccsmbstgr511',8.0E0,NULL,NULL,'true')
COMMIT
INSERT INTO SERVERLOGS VALUES('ccsmbstgr487',8.0E0,NULL,NULL,'true')
COMMIT
INSERT INTO SERVERLOGS VALUES('ccsmbstgr150',8.0E0,NULL,NULL,'true')
COMMIT
INSERT INTO SERVERLOGS VALUES('ccsmbstgr158',8.0E0,NULL,NULL,'true')
COMMIT
INSERT INTO SERVERLOGS VALUES('ccsmbstgr597',8.0E0,NULL,NULL,'true')
COMMIT
INSERT INTO SERVERLOGS VALUES('ccsmbstgr149',8.0E0,NULL,NULL,'true')
COMMIT
INSERT INTO SERVERLOGS VALUES('ccsmbstgr510',8.0E0,NULL,NULL,'true')
COMMIT
INSERT INTO SERVERLOGS VALUES('ccsmbstgr245',8.0E0,NULL,NULL,'true')
COMMIT
INSERT INTO SERVERLOGS VALUES('ccsmbstgr215',8.0E0,NULL,NULL,'true')
COMMIT
INSERT INTO SERVERLOGS VALUES('ccsmbstgr557',8.0E0,NULL,NULL,'true')
COMMIT
INSERT INTO SERVERLOGS VALUES('ccsmbstgr131',8.0E0,NULL,NULL,'true')
COMMIT
INSERT INTO SERVERLOGS VALUES('ccsmbstgr519',8.0E0,NULL,NULL,'true')
COMMIT
INSERT INTO SERVERLOGS VALUES('ccsmbstgr269',8.0E0,NULL,NULL,'true')
COMMIT
INSERT INTO SERVERLOGS VALUES('ccsmbstgr279',8.0E0,NULL,NULL,'true')
COMMIT
INSERT INTO SERVERLOGS VALUES('ccsmbstgr476',8.0E0,NULL,NULL,'true')
COMMIT
INSERT INTO SERVERLOGS VALUES('ccsmbstgr518',8.0E0,NULL,NULL,'true')
COMMIT
INSERT INTO SERVERLOGS VALUES('ccsmbstgr1',8.0E0,NULL,NULL,'true')
COMMIT
INSERT INTO SERVERLOGS VALUES('ccsmbstgr335',8.0E0,NULL,NULL,'true')
COMMIT
INSERT INTO SERVERLOGS VALUES('ccsmbstgr314',8.0E0,NULL,NULL,'true')
COMMIT
INSERT INTO SERVERLOGS VALUES('ccsmbstgr124',8.0E0,NULL,NULL,'true')
COMMIT
INSERT INTO SERVERLOGS VALUES('ccsmbstgr234',8.0E0,NULL,NULL,'true')
COMMIT
INSERT INTO SERVERLOGS VALUES('ccsmbstgr372',8.0E0,NULL,NULL,'true')
COMMIT
INSERT INTO SERVERLOGS VALUES('ccsmbstgr577',8.0E0,NULL,NULL,'true')
COMMIT
INSERT INTO SERVERLOGS VALUES('ccsmbstgr435',8.0E0,NULL,NULL,'true')
COMMIT
INSERT INTO SERVERLOGS VALUES('ccsmbstgr148',8.0E0,NULL,NULL,'true')
COMMIT
INSERT INTO SERVERLOGS VALUES('ccsmbstgr113',8.0E0,NULL,NULL,'true')
COMMIT
INSERT INTO SERVERLOGS VALUES('ccsmbstgr493',8.0E0,NULL,NULL,'true')
COMMIT
INSERT INTO SERVERLOGS VALUES('ccsmbstgr365',8.0E0,NULL,NULL,'true')
COMMIT
INSERT INTO SERVERLOGS VALUES('ccsmbstgr389',8.0E0,NULL,NULL,'true')
COMMIT
INSERT INTO SERVERLOGS VALUES('ccsmbstgr456',8.0E0,NULL,NULL,'true')
COMMIT
INSERT INTO SERVERLOGS VALUES('ccsmbstgr556',8.0E0,NULL,NULL,'true')
COMMIT
INSERT INTO SERVERLOGS VALUES('ccsmbstgr486',8.0E0,NULL,NULL,'true')
COMMIT
INSERT INTO SERVERLOGS VALUES('ccsmbstgr251',8.0E0,NULL,NULL,'true')
COMMIT
INSERT INTO SERVERLOGS VALUES('ccsmbstgr354',8.0E0,NULL,NULL,'true')
COMMIT
INSERT INTO SERVERLOGS VALUES('ccsmbstgr130',8.0E0,NULL,NULL,'true')
COMMIT
INSERT INTO SERVERLOGS VALUES('ccsmbstgr244',8.0E0,NULL,NULL,'true')
COMMIT
INSERT INTO SERVERLOGS VALUES('ccsmbstgr313',8.0E0,NULL,NULL,'true')
COMMIT
INSERT INTO SERVERLOGS VALUES('ccsmbstgr214',8.0E0,NULL,NULL,'true')
COMMIT
INSERT INTO SERVERLOGS VALUES('ccsmbstgr123',8.0E0,NULL,NULL,'true')
COMMIT
INSERT INTO SERVERLOGS VALUES('ccsmbstgr434',8.0E0,NULL,NULL,'true')
COMMIT
INSERT INTO SERVERLOGS VALUES('ccsmbstgr268',8.0E0,NULL,NULL,'true')
COMMIT
INSERT INTO SERVERLOGS VALUES('ccsmbstgr596',8.0E0,NULL,NULL,'true')
COMMIT
INSERT INTO SERVERLOGS VALUES('ccsmbstgr371',8.0E0,NULL,NULL,'true')
COMMIT
INSERT INTO SERVERLOGS VALUES('ccsmbstgr334',8.0E0,NULL,NULL,'true')
COMMIT
INSERT INTO SERVERLOGS VALUES('ccsmbstgr364',8.0E0,NULL,NULL,'true')
COMMIT
INSERT INTO SERVERLOGS VALUES('ccsmbstgr147',8.0E0,NULL,NULL,'true')
COMMIT
INSERT INTO SERVERLOGS VALUES('ccsmbstgr475',8.0E0,NULL,NULL,'true')
COMMIT
INSERT INTO SERVERLOGS VALUES('ccsmbstgr485',8.0E0,NULL,NULL,'true')
COMMIT
INSERT INTO SERVERLOGS VALUES('ccsmbstgr555',8.0E0,NULL,NULL,'true')
COMMIT
INSERT INTO SERVERLOGS VALUES('ccsmbstgr576',8.0E0,NULL,NULL,'true')
COMMIT
INSERT INTO SERVERLOGS VALUES('ccsmbstgr455',8.0E0,NULL,NULL,'true')
COMMIT
INSERT INTO SERVERLOGS VALUES('ccsmbstgr492',8.0E0,NULL,NULL,'true')
COMMIT
INSERT INTO SERVERLOGS VALUES('ccsmbstgr312',8.0E0,NULL,NULL,'true')
COMMIT
INSERT INTO SERVERLOGS VALUES('ccsmbstgr243',8.0E0,NULL,NULL,'true')
COMMIT
INSERT INTO SERVERLOGS VALUES('ccsmbstgr433',8.0E0,NULL,NULL,'true')
COMMIT
INSERT INTO SERVERLOGS VALUES('ccsmbstgr233',8.0E0,NULL,NULL,'true')
COMMIT
INSERT INTO SERVERLOGS VALUES('ccsmbstgr250',8.0E0,NULL,NULL,'true')
COMMIT
INSERT INTO SERVERLOGS VALUES('ccsmbstgr213',8.0E0,NULL,NULL,'true')
COMMIT
INSERT INTO SERVERLOGS VALUES('ccsmbstgr3',8.0E0,NULL,NULL,'true')
COMMIT
INSERT INTO SERVERLOGS VALUES('ccsmbstgr112',8.0E0,NULL,NULL,'true')
COMMIT
INSERT INTO SERVERLOGS VALUES('ccsmbstgr554',8.0E0,NULL,NULL,'true')
COMMIT
INSERT INTO SERVERLOGS VALUES('ccsmbstgr122',8.0E0,NULL,NULL,'true')
COMMIT
INSERT INTO SERVERLOGS VALUES('ccsmbstgr370',8.0E0,NULL,NULL,'true')
COMMIT
INSERT INTO SERVERLOGS VALUES('ccsmbstgr353',8.0E0,NULL,NULL,'true')
COMMIT
INSERT INTO SERVERLOGS VALUES('ccsmbstgr595',8.0E0,NULL,NULL,'true')
COMMIT
INSERT INTO SERVERLOGS VALUES('ccsmbstgr363',8.0E0,NULL,NULL,'true')
COMMIT
INSERT INTO SERVERLOGS VALUES('ccsmbstgr491',8.0E0,NULL,NULL,'true')
COMMIT
INSERT INTO SERVERLOGS VALUES('ccsmbstgr474',8.0E0,NULL,NULL,'true')
COMMIT
INSERT INTO SERVERLOGS VALUES('ccsmbstgr484',8.0E0,NULL,NULL,'true')
COMMIT
INSERT INTO SERVERLOGS VALUES('ccsmbstgr2',8.0E0,NULL,NULL,'true')
COMMIT
INSERT INTO SERVERLOGS VALUES('ccsmbstgr232',8.0E0,NULL,NULL,'true')
COMMIT
INSERT INTO SERVERLOGS VALUES('ccsmbstgr242',8.0E0,NULL,NULL,'true')
COMMIT
INSERT INTO SERVERLOGS VALUES('ccsmbstgr111',8.0E0,NULL,NULL,'true')
COMMIT
INSERT INTO SERVERLOGS VALUES('ccsmbstgr129',8.0E0,NULL,NULL,'true')
COMMIT
INSERT INTO SERVERLOGS VALUES('ccsmbstgr121',8.0E0,NULL,NULL,'true')
COMMIT
INSERT INTO SERVERLOGS VALUES('ccsmbstgr352',8.0E0,NULL,NULL,'true')
COMMIT
INSERT INTO SERVERLOGS VALUES('ccsmbstgr249',8.0E0,NULL,NULL,'true')
COMMIT
INSERT INTO SERVERLOGS VALUES('ccsmbstgr594',8.0E0,NULL,NULL,'true')
COMMIT
INSERT INTO SERVERLOGS VALUES('ccsmbstgr362',8.0E0,NULL,NULL,'true')
COMMIT
INSERT INTO SERVERLOGS VALUES('ccsmbstgr473',8.0E0,NULL,NULL,'true')
COMMIT
INSERT INTO SERVERLOGS VALUES('ccsmbstgr128',8.0E0,NULL,NULL,'true')
COMMIT
INSERT INTO SERVERLOGS VALUES('ccsmbstgr231',8.0E0,NULL,NULL,'true')
COMMIT
INSERT INTO SERVERLOGS VALUES('ccsmbstgr483',8.0E0,NULL,NULL,'true')
COMMIT
INSERT INTO SERVERLOGS VALUES('ccsmbstgr110',8.0E0,NULL,NULL,'true')
COMMIT
INSERT INTO SERVERLOGS VALUES('ccsmbstgr369',8.0E0,NULL,NULL,'true')
COMMIT
INSERT INTO SERVERLOGS VALUES('ccsmbstgr241',8.0E0,NULL,NULL,'true')
COMMIT
INSERT INTO SERVERLOGS VALUES('ccsmbstgr351',8.0E0,NULL,NULL,'true')
COMMIT
INSERT INTO SERVERLOGS VALUES('ccsmbstgr248',8.0E0,NULL,NULL,'true')
COMMIT
INSERT INTO SERVERLOGS VALUES('ccsmbstgr593',8.0E0,NULL,NULL,'true')
COMMIT
INSERT INTO SERVERLOGS VALUES('ccsmbstgr120',8.0E0,NULL,NULL,'true')
COMMIT
INSERT INTO SERVERLOGS VALUES('ccsmbstgr127',8.0E0,NULL,NULL,'true')
COMMIT
INSERT INTO SERVERLOGS VALUES('ccsmbstgr472',8.0E0,NULL,NULL,'true')
COMMIT
INSERT INTO SERVERLOGS VALUES('ccsmbstgr361',8.0E0,NULL,NULL,'true')
COMMIT
INSERT INTO SERVERLOGS VALUES('ccsmbstgr230',8.0E0,NULL,NULL,'true')
COMMIT
INSERT INTO SERVERLOGS VALUES('ccsmbstgr368',8.0E0,NULL,NULL,'true')
COMMIT
INSERT INTO SERVERLOGS VALUES('ccsmbstgr350',8.0E0,NULL,NULL,'true')
COMMIT
INSERT INTO SERVERLOGS VALUES('ccsmbstgr482',8.0E0,NULL,NULL,'true')
COMMIT
INSERT INTO SERVERLOGS VALUES('ccsmbstgr489',8.0E0,NULL,NULL,'true')
COMMIT
INSERT INTO SERVERLOGS VALUES('ccsmbstgr592',8.0E0,NULL,NULL,'true')
COMMIT
INSERT INTO SERVERLOGS VALUES('ccsmbstgr240',8.0E0,NULL,NULL,'true')
COMMIT
INSERT INTO SERVERLOGS VALUES('ccsmbstgr247',8.0E0,NULL,NULL,'true')
COMMIT
INSERT INTO SERVERLOGS VALUES('ccsmbstgr471',8.0E0,NULL,NULL,'true')
COMMIT
INSERT INTO SERVERLOGS VALUES('ccsmbstgr360',8.0E0,NULL,NULL,'true')
COMMIT
INSERT INTO SERVERLOGS VALUES('ccsmbstgr126',8.0E0,NULL,NULL,'true')
COMMIT
INSERT INTO SERVERLOGS VALUES('ccsmbstgr591',8.0E0,NULL,NULL,'true')
COMMIT
INSERT INTO SERVERLOGS VALUES('ccsmbstgr481',8.0E0,NULL,NULL,'true')
COMMIT
INSERT INTO SERVERLOGS VALUES('ccsmbstgr470',8.0E0,NULL,NULL,'true')
COMMIT
INSERT INTO SERVERLOGS VALUES('ccsmbstgr367',8.0E0,NULL,NULL,'true')
COMMIT
INSERT INTO SERVERLOGS VALUES('ccsmbstgr590',8.0E0,NULL,NULL,'true')
COMMIT
INSERT INTO SERVERLOGS VALUES('ccsmbstgr109',8.0E0,NULL,NULL,'true')
COMMIT
INSERT INTO SERVERLOGS VALUES('ccsmbstgr480',8.0E0,NULL,NULL,'true')
COMMIT
INSERT INTO SERVERLOGS VALUES('ccsmbstgr488',8.0E0,NULL,NULL,'true')
COMMIT
INSERT INTO SERVERLOGS VALUES('ccsmbstgr5',8.0E0,NULL,NULL,'true')
COMMIT
INSERT INTO SERVERLOGS VALUES('ccsmbstgr229',8.0E0,NULL,NULL,'true')
COMMIT
INSERT INTO SERVERLOGS VALUES('ccsmbstgr246',8.0E0,NULL,NULL,'true')
COMMIT
INSERT INTO SERVERLOGS VALUES('ccsmbstgr4',8.0E0,NULL,NULL,'true')
COMMIT
INSERT INTO SERVERLOGS VALUES('ccsmbstgr108',8.0E0,NULL,NULL,'true')
COMMIT
INSERT INTO SERVERLOGS VALUES('ccsmbstgr125',8.0E0,NULL,NULL,'true')
COMMIT
INSERT INTO SERVERLOGS VALUES('ccsmbstgr349',8.0E0,NULL,NULL,'true')
COMMIT
INSERT INTO SERVERLOGS VALUES('ccsmbstgr119',8.0E0,NULL,NULL,'true')
COMMIT
INSERT INTO SERVERLOGS VALUES('ccsmbstgr228',8.0E0,NULL,NULL,'true')
COMMIT
INSERT INTO SERVERLOGS VALUES('ccsmbstgr7',8.0E0,NULL,NULL,'true')
COMMIT
INSERT INTO SERVERLOGS VALUES('ccsmbstgr107',8.0E0,NULL,NULL,'true')
COMMIT
INSERT INTO SERVERLOGS VALUES('ccsmbstgr239',8.0E0,NULL,NULL,'true')
COMMIT
INSERT INTO SERVERLOGS VALUES('ccsmbstgr348',8.0E0,NULL,NULL,'true')
COMMIT
INSERT INTO SERVERLOGS VALUES('ccsmbstgr118',8.0E0,NULL,NULL,'true')
COMMIT
INSERT INTO SERVERLOGS VALUES('ccsmbstgr469',8.0E0,NULL,NULL,'true')
COMMIT
INSERT INTO SERVERLOGS VALUES('ccsmbstgr6',8.0E0,NULL,NULL,'true')
COMMIT
INSERT INTO SERVERLOGS VALUES('ccsmbstgr227',8.0E0,NULL,NULL,'true')
COMMIT
INSERT INTO SERVERLOGS VALUES('ccsmbstgr359',8.0E0,NULL,NULL,'true')
COMMIT
INSERT INTO SERVERLOGS VALUES('ccsmbstgr106',8.0E0,NULL,NULL,'true')
COMMIT
INSERT INTO SERVERLOGS VALUES('ccsmbstgr238',8.0E0,NULL,NULL,'true')
COMMIT
INSERT INTO SERVERLOGS VALUES('ccsmbstgr347',8.0E0,NULL,NULL,'true')
COMMIT
INSERT INTO SERVERLOGS VALUES('ccsmbstgr117',8.0E0,NULL,NULL,'true')
COMMIT
INSERT INTO SERVERLOGS VALUES('ccsmbstgr589',8.0E0,NULL,NULL,'true')
COMMIT
INSERT INTO SERVERLOGS VALUES('ccsmbstgr9',8.0E0,NULL,NULL,'true')
COMMIT
INSERT INTO SERVERLOGS VALUES('ccsmbstgr468',8.0E0,NULL,NULL,'true')
COMMIT
INSERT INTO SERVERLOGS VALUES('ccsmbstgr358',8.0E0,NULL,NULL,'true')
COMMIT
INSERT INTO SERVERLOGS VALUES('ccsmbstgr226',8.0E0,NULL,NULL,'true')
COMMIT
INSERT INTO SERVERLOGS VALUES('ccsmbstgr479',8.0E0,NULL,NULL,'true')
COMMIT
INSERT INTO SERVERLOGS VALUES('ccsmbstgr105',8.0E0,NULL,NULL,'true')
COMMIT
INSERT INTO SERVERLOGS VALUES('ccsmbstgr237',8.0E0,NULL,NULL,'true')
COMMIT
INSERT INTO SERVERLOGS VALUES('ccsmbstgr346',8.0E0,NULL,NULL,'true')
COMMIT
INSERT INTO SERVERLOGS VALUES('ccsmbstgr116',8.0E0,NULL,NULL,'true')
COMMIT
INSERT INTO SERVERLOGS VALUES('ccsmbstgr588',8.0E0,NULL,NULL,'true')
COMMIT
INSERT INTO SERVERLOGS VALUES('ccsmbstgr8',8.0E0,NULL,NULL,'true')
COMMIT
INSERT INTO SERVERLOGS VALUES('ccsmbstgr467',8.0E0,NULL,NULL,'true')
COMMIT
INSERT INTO SERVERLOGS VALUES('ccsmbstgr357',8.0E0,NULL,NULL,'true')
COMMIT
INSERT INTO SERVERLOGS VALUES('ccsmbstgr225',8.0E0,NULL,NULL,'true')
COMMIT
INSERT INTO SERVERLOGS VALUES('ccsmbstgr599',8.0E0,NULL,NULL,'true')
COMMIT
INSERT INTO SERVERLOGS VALUES('ccsmbstgr104',8.0E0,NULL,NULL,'true')
COMMIT
INSERT INTO SERVERLOGS VALUES('ccsmbstgr478',8.0E0,NULL,NULL,'true')
COMMIT
INSERT INTO SERVERLOGS VALUES('ccsmbstgr345',8.0E0,NULL,NULL,'true')
COMMIT
INSERT INTO SERVERLOGS VALUES('ccsmbstgr236',8.0E0,NULL,NULL,'true')
COMMIT
INSERT INTO SERVERLOGS VALUES('ccsmbstgr587',8.0E0,NULL,NULL,'true')
COMMIT
INSERT INTO SERVERLOGS VALUES('ccsmbstgr115',8.0E0,NULL,NULL,'true')
COMMIT
INSERT INTO SERVERLOGS VALUES('ccsmbstgr356',8.0E0,NULL,NULL,'true')
COMMIT
INSERT INTO SERVERLOGS VALUES('ccsmbstgr466',8.0E0,NULL,NULL,'true')
COMMIT
INSERT INTO SERVERLOGS VALUES('ccsmbstgr598',8.0E0,NULL,NULL,'true')
COMMIT
INSERT INTO SERVERLOGS VALUES('ccsmbstgr224',8.0E0,NULL,NULL,'true')
COMMIT
INSERT INTO SERVERLOGS VALUES('ccsmbstgr103',8.0E0,NULL,NULL,'true')
COMMIT
INSERT INTO SERVERLOGS VALUES('ccsmbstgr477',8.0E0,NULL,NULL,'true')
COMMIT
INSERT INTO SERVERLOGS VALUES('ccsmbstgr235',8.0E0,NULL,NULL,'true')
COMMIT
INSERT INTO SERVERLOGS VALUES('ccsmbstgr114',8.0E0,NULL,NULL,'true')
COMMIT
DISCONNECT
/*C3*/SET SCHEMA PUBLIC
CREATE TABLE IF NOT EXISTS PUBLIC.SERVERLOGS (\u000d\u000a  event_id  varchar(30) primary key,\u000d\u000a  event_duration DOUBLE,\u000d\u000a  type varchar(30),\u000d\u000a  host varchar(30),\u000d\u000a  alert varchar(6)\u000d\u000a  )
DISCONNECT
